<?xml version="1.0" encoding="UTF-8"?>
<testng-results ignored="0" total="15" passed="15" failed="0" skipped="0">
  <reporter-output>
  </reporter-output>
  <suite started-at="2023-09-13T11:39:34 IST" name="PetSuite" finished-at="2023-09-13T11:40:02 IST" duration-ms="28167">
    <groups>
    </groups>
    <test started-at="2023-09-13T11:39:34 IST" name="PetStoreUserModule" finished-at="2023-09-13T11:39:43 IST" duration-ms="9583">
      <class name="api.test.Usertests">
        <test-method is-config="true" signature="setupData()[pri:0, instance:api.test.Usertests@5357c287]" started-at="2023-09-13T11:39:34 IST" name="setupData" finished-at="2023-09-13T11:39:34 IST" duration-ms="186" status="PASS">
          <reporter-output>
          </reporter-output>
        </test-method> <!-- setupData -->
        <test-method signature="testPostUser()[pri:1, instance:api.test.Usertests@5357c287]" started-at="2023-09-13T11:39:34 IST" name="testPostUser" finished-at="2023-09-13T11:39:38 IST" duration-ms="4054" status="PASS">
          <reporter-output>
          </reporter-output>
        </test-method> <!-- testPostUser -->
        <test-method signature="testgetUserByUserName()[pri:2, instance:api.test.Usertests@5357c287]" started-at="2023-09-13T11:39:38 IST" name="testgetUserByUserName" finished-at="2023-09-13T11:39:39 IST" duration-ms="1270" status="PASS">
          <reporter-output>
          </reporter-output>
        </test-method> <!-- testgetUserByUserName -->
        <test-method signature="testUpdateUserByUsername()[pri:3, instance:api.test.Usertests@5357c287]" started-at="2023-09-13T11:39:39 IST" name="testUpdateUserByUsername" finished-at="2023-09-13T11:39:42 IST" duration-ms="2496" status="PASS">
          <reporter-output>
          </reporter-output>
        </test-method> <!-- testUpdateUserByUsername -->
        <test-method signature="testDeleteUserByUername()[pri:4, instance:api.test.Usertests@5357c287]" started-at="2023-09-13T11:39:42 IST" name="testDeleteUserByUername" finished-at="2023-09-13T11:39:43 IST" duration-ms="1208" status="PASS">
          <reporter-output>
          </reporter-output>
        </test-method> <!-- testDeleteUserByUername -->
      </class> <!-- api.test.Usertests -->
    </test> <!-- PetStoreUserModule -->
    <test started-at="2023-09-13T11:39:44 IST" name="PetStorePetModule" finished-at="2023-09-13T11:39:55 IST" duration-ms="11880">
      <class name="api.test.PetTests">
        <test-method is-config="true" signature="setupPetData()[pri:0, instance:api.test.PetTests@3d8bbcdc]" started-at="2023-09-13T11:39:44 IST" name="setupPetData" finished-at="2023-09-13T11:39:44 IST" duration-ms="88" status="PASS">
          <reporter-output>
          </reporter-output>
        </test-method> <!-- setupPetData -->
        <test-method signature="UploadPetImageUsing_Post_Request()[pri:1, instance:api.test.PetTests@3d8bbcdc]" started-at="2023-09-13T11:39:44 IST" name="UploadPetImageUsing_Post_Request" finished-at="2023-09-13T11:39:46 IST" duration-ms="2136" status="PASS">
          <reporter-output>
          </reporter-output>
        </test-method> <!-- UploadPetImageUsing_Post_Request -->
        <test-method signature="AddNewPetToStoreUsing_Post_Request()[pri:2, instance:api.test.PetTests@3d8bbcdc]" started-at="2023-09-13T11:39:46 IST" name="AddNewPetToStoreUsing_Post_Request" finished-at="2023-09-13T11:39:47 IST" duration-ms="1358" status="PASS">
          <reporter-output>
          </reporter-output>
        </test-method> <!-- AddNewPetToStoreUsing_Post_Request -->
        <test-method signature="UpdateTheExistingPetUsing_Put_Request()[pri:3, instance:api.test.PetTests@3d8bbcdc]" started-at="2023-09-13T11:39:47 IST" name="UpdateTheExistingPetUsing_Put_Request" finished-at="2023-09-13T11:39:49 IST" duration-ms="1638" status="PASS">
          <reporter-output>
          </reporter-output>
        </test-method> <!-- UpdateTheExistingPetUsing_Put_Request -->
        <test-method signature="GetPetDetailsUsingStatus_GET_Request()[pri:4, instance:api.test.PetTests@3d8bbcdc]" started-at="2023-09-13T11:39:49 IST" name="GetPetDetailsUsingStatus_GET_Request" finished-at="2023-09-13T11:39:51 IST" duration-ms="2225" status="PASS">
          <reporter-output>
          </reporter-output>
        </test-method> <!-- GetPetDetailsUsingStatus_GET_Request -->
        <test-method signature="GetPetByID_Get_Request()[pri:5, instance:api.test.PetTests@3d8bbcdc]" started-at="2023-09-13T11:39:51 IST" name="GetPetByID_Get_Request" finished-at="2023-09-13T11:39:53 IST" duration-ms="1564" status="PASS">
          <reporter-output>
          </reporter-output>
        </test-method> <!-- GetPetByID_Get_Request -->
        <test-method signature="UpdatepetUsingData_Post_Request()[pri:6, instance:api.test.PetTests@3d8bbcdc]" started-at="2023-09-13T11:39:53 IST" name="UpdatepetUsingData_Post_Request" finished-at="2023-09-13T11:39:54 IST" duration-ms="1528" status="PASS">
          <reporter-output>
          </reporter-output>
        </test-method> <!-- UpdatepetUsingData_Post_Request -->
        <test-method signature="DeletingThePet()[pri:7, instance:api.test.PetTests@3d8bbcdc]" started-at="2023-09-13T11:39:54 IST" name="DeletingThePet" finished-at="2023-09-13T11:39:55 IST" duration-ms="1328" status="PASS">
          <reporter-output>
          </reporter-output>
        </test-method> <!-- DeletingThePet -->
      </class> <!-- api.test.PetTests -->
    </test> <!-- PetStorePetModule -->
    <test started-at="2023-09-13T11:39:55 IST" name="PetStoreStoreModule" finished-at="2023-09-13T11:40:02 IST" duration-ms="6262">
      <class name="api.test.StoreTests">
        <test-method signature="PlaceAnOrderForThePetUsing_Post_Request()[pri:1, instance:api.test.StoreTests@4215838f]" started-at="2023-09-13T11:39:55 IST" name="PlaceAnOrderForThePetUsing_Post_Request" finished-at="2023-09-13T11:39:57 IST" duration-ms="1682" status="PASS">
          <reporter-output>
          </reporter-output>
        </test-method> <!-- PlaceAnOrderForThePetUsing_Post_Request -->
        <test-method is-config="true" signature="setupPetData()[pri:0, instance:api.test.StoreTests@4215838f]" started-at="2023-09-13T11:39:55 IST" name="setupPetData" finished-at="2023-09-13T11:39:55 IST" duration-ms="0" status="PASS">
          <reporter-output>
          </reporter-output>
        </test-method> <!-- setupPetData -->
        <test-method signature="FindPurchaseOrderById_Get_Request()[pri:2, instance:api.test.StoreTests@4215838f]" started-at="2023-09-13T11:39:57 IST" name="FindPurchaseOrderById_Get_Request" finished-at="2023-09-13T11:39:59 IST" duration-ms="1496" status="PASS">
          <reporter-output>
          </reporter-output>
        </test-method> <!-- FindPurchaseOrderById_Get_Request -->
        <test-method signature="DeleteOrder()[pri:3, instance:api.test.StoreTests@4215838f]" started-at="2023-09-13T11:39:59 IST" name="DeleteOrder" finished-at="2023-09-13T11:40:00 IST" duration-ms="1532" status="PASS">
          <reporter-output>
          </reporter-output>
        </test-method> <!-- DeleteOrder -->
        <test-method signature="givesPetInventoriesUing_Get_Request()[pri:4, instance:api.test.StoreTests@4215838f]" started-at="2023-09-13T11:40:00 IST" name="givesPetInventoriesUing_Get_Request" finished-at="2023-09-13T11:40:02 IST" duration-ms="1545" status="PASS">
          <reporter-output>
          </reporter-output>
        </test-method> <!-- givesPetInventoriesUing_Get_Request -->
      </class> <!-- api.test.StoreTests -->
    </test> <!-- PetStoreStoreModule -->
  </suite> <!-- PetSuite -->
</testng-results>
