<?xml version="1.0" encoding="UTF-8"?>
<testsuite xmlns:xsi="http://www.w3.org/2001/XMLSchema-instance" xsi:noNamespaceSchemaLocation="https://maven.apache.org/surefire/maven-surefire-plugin/xsd/surefire-test-report-3.0.xsd" version="3.0" name="TestSuite" time="29.549" tests="15" errors="0" skipped="0" failures="0">
  <properties>
[...]
</properties>
  <testcase name="testPostUser" classname="api.test.Usertests" time="4.062">
    <system-out><![CDATA[11:39:33.081 [main] DEBUG org.testng.TestNG - suiteXmlPath: "D:\RestAssured Automation Framework\TestNG.xml"
HTTP/1.1 200 OK
Date: Wed, 13 Sep 2023 06:09:38 GMT
Content-Type: application/json
Transfer-Encoding: chunked
Connection: keep-alive
Access-Control-Allow-Origin: *
Access-Control-Allow-Methods: GET, POST, DELETE, PUT
Access-Control-Allow-Headers: Content-Type, api_key, Authorization
Server: Jetty(9.2.9.v20150224)

{
    "code": 200,
    "type": "unknown",
    "message": "1244815033"
}
]]></system-out>
  </testcase>
  <testcase name="testgetUserByUserName" classname="api.test.Usertests" time="1.277">
    <system-out><![CDATA[HTTP/1.1 200 OK
Date: Wed, 13 Sep 2023 06:09:39 GMT
Content-Type: application/json
Transfer-Encoding: chunked
Connection: keep-alive
Access-Control-Allow-Origin: *
Access-Control-Allow-Methods: GET, POST, DELETE, PUT
Access-Control-Allow-Headers: Content-Type, api_key, Authorization
Server: Jetty(9.2.9.v20150224)

{
    "id": 1244815033,
    "username": "maya.reichert",
    "firstName": "Milo",
    "lastName": "Macejkovic",
    "email": "rudy.oconner@gmail.com",
    "password": "krge0cc",
    "phone": "1-112-325-3802",
    "userStatus": 0
}
]]></system-out>
  </testcase>
  <testcase name="testUpdateUserByUsername" classname="api.test.Usertests" time="2.493">
    <system-out><![CDATA[HTTP/1.1 200 OK
Date: Wed, 13 Sep 2023 06:09:41 GMT
Content-Type: application/json
Transfer-Encoding: chunked
Connection: keep-alive
Access-Control-Allow-Origin: *
Access-Control-Allow-Methods: GET, POST, DELETE, PUT
Access-Control-Allow-Headers: Content-Type, api_key, Authorization
Server: Jetty(9.2.9.v20150224)

{
    "code": 200,
    "type": "unknown",
    "message": "1244815033"
}
HTTP/1.1 200 OK
Date: Wed, 13 Sep 2023 06:09:42 GMT
Content-Type: application/json
Transfer-Encoding: chunked
Connection: keep-alive
Access-Control-Allow-Origin: *
Access-Control-Allow-Methods: GET, POST, DELETE, PUT
Access-Control-Allow-Headers: Content-Type, api_key, Authorization
Server: Jetty(9.2.9.v20150224)

{
    "id": 1244815033,
    "username": "maya.reichert",
    "firstName": "Eldon",
    "lastName": "Bauch",
    "email": "claudia.medhurst@gmail.com",
    "password": "krge0cc",
    "phone": "1-112-325-3802",
    "userStatus": 0
}
]]></system-out>
  </testcase>
  <testcase name="testDeleteUserByUername" classname="api.test.Usertests" time="1.212">
    <system-out><![CDATA[HTTP/1.1 200 OK
Date: Wed, 13 Sep 2023 06:09:43 GMT
Content-Type: application/json
Transfer-Encoding: chunked
Connection: keep-alive
Access-Control-Allow-Origin: *
Access-Control-Allow-Methods: GET, POST, DELETE, PUT
Access-Control-Allow-Headers: Content-Type, api_key, Authorization
Server: Jetty(9.2.9.v20150224)

{
    "code": 200,
    "type": "unknown",
    "message": "maya.reichert"
}
]]></system-out>
  </testcase>
  <testcase name="UploadPetImageUsing_Post_Request" classname="api.test.PetTests" time="2.147">
    <system-out><![CDATA[HTTP/1.1 200 OK
Date: Wed, 13 Sep 2023 06:09:46 GMT
Content-Type: application/json
Transfer-Encoding: chunked
Connection: keep-alive
Access-Control-Allow-Origin: *
Access-Control-Allow-Methods: GET, POST, DELETE, PUT
Access-Control-Allow-Headers: Content-Type, api_key, Authorization
Server: Jetty(9.2.9.v20150224)

{
    "code": 200,
    "type": "unknown",
    "message": "additionalMetadata: Modi voluptatibus et.\nFile uploaded to ./cat.jpg, 126868 bytes"
}
]]></system-out>
  </testcase>
  <testcase name="AddNewPetToStoreUsing_Post_Request" classname="api.test.PetTests" time="1.357">
    <system-out><![CDATA[HTTP/1.1 200 OK
Date: Wed, 13 Sep 2023 06:09:47 GMT
Content-Type: application/json
Transfer-Encoding: chunked
Connection: keep-alive
Access-Control-Allow-Origin: *
Access-Control-Allow-Methods: GET, POST, DELETE, PUT
Access-Control-Allow-Headers: Content-Type, api_key, Authorization
Server: Jetty(9.2.9.v20150224)

{
    "id": 836665497,
    "category": {
        "id": 1897,
        "name": "Books & Home"
    },
    "name": "Santos Fay MD",
    "photoUrls": [
        "www.dewitt-welch.net",
        "www.arlen-toy.co",
        "www.sade-carroll.io"
    ],
    "tags": [
        {
            "id": 472,
            "name": "rem"
        },
        {
            "id": 7445597,
            "name": "perspiciatis"
        },
        {
            "id": 242803166,
            "name": "ullam"
        }
    ],
    "status": "avaliable"
}
]]></system-out>
  </testcase>
  <testcase name="UpdateTheExistingPetUsing_Put_Request" classname="api.test.PetTests" time="1.642">
    <system-out><![CDATA[HTTP/1.1 200 OK
Date: Wed, 13 Sep 2023 06:09:49 GMT
Content-Type: application/json
Transfer-Encoding: chunked
Connection: keep-alive
Access-Control-Allow-Origin: *
Access-Control-Allow-Methods: GET, POST, DELETE, PUT
Access-Control-Allow-Headers: Content-Type, api_key, Authorization
Server: Jetty(9.2.9.v20150224)

{
    "id": 836665497,
    "category": {
        "id": 1897,
        "name": "Books & Home"
    },
    "name": "Dr. Genoveva Kunde",
    "photoUrls": [
        "www.sheba-leannon.org"
    ],
    "tags": [
        {
            "id": 1222,
            "name": "voluptatem"
        },
        {
            "id": 77,
            "name": "accusamus"
        },
        {
            "id": 65928,
            "name": "labore"
        }
    ],
    "status": "avaliable"
}
]]></system-out>
  </testcase>
  <testcase name="GetPetDetailsUsingStatus_GET_Request" classname="api.test.PetTests" time="2.409">
    <system-out><![CDATA[HTTP/1.1 200 OK
Date: Wed, 13 Sep 2023 06:09:50 GMT
Content-Type: application/json
Transfer-Encoding: chunked
Connection: keep-alive
Access-Control-Allow-Origin: *
Access-Control-Allow-Methods: GET, POST, DELETE, PUT
Access-Control-Allow-Headers: Content-Type, api_key, Authorization
Server: Jetty(9.2.9.v20150224)

[
    {
        "id": 9222968140497180709,
        "category": {
            "id": 0,
            "name": "string"
        },
        "name": "fish",
        "photoUrls": [
            "string"
        ],
        "tags": [
            {
                "id": 0,
                "name": "string"
            }
        ],
        "status": "available"
    },
    {
        "id": 9222968140497180710,
        "category": {
            "id": 0,
            "name": "string"
        },
        "name": "fish",
        "photoUrls": [
            "string"
        ],
        "tags": [
            {
                "id": 0,
                "name": "string"
            }
        ],
        "status": "available"
    },
    {
        "id": 9222968140497180719,
        "category": {
            "id": 0,
            "name": "string"
        },
        "name": "doggie",
        "photoUrls": [
            "string"
        ],
        "tags": [
            {
                "id": 0,
                "name": "string"
            }
        ],
        "status": "available"
    },
    {
        "id": 9222968140497180737,
        "name": "doggie",
        "photoUrls": [
            "string"
        ],
        "tags": [
            
        ],
        "status": "available"
    },
    {
        "id": 131,
        "category": {
            "id": 0,
            "name": "dickey"
        },
        "name": "doggie",
        "photoUrls": [
            "string"
        ],
        "tags": [
            {
                "id": 100,
                "name": "bowman"
            }
        ],
        "status": "available"
    },
    {
        "id": 9222968140497180745,
        "category": {
            "id": 0,
            "name": "string"
        },
        "name": "doggie",
        "photoUrls": [
            "string"
        ],
        "tags": [
            {
                "id": 0,
                "name": "string"
            }
        ],
        "status": "available"
    },
    {
        "id": 132,
        "category": {
            "id": 0,
            "name": "dickey"
        },
        "name": "doggie",
        "photoUrls": [
            "string"
        ],
        "tags": [
            {
                "id": 100,
                "name": "bowman"
            }
        ],
        "status": "available"
    },
    {
        "id": 9222968140497180747,
        "category": {
            "id": 0,
            "name": "string"
        },
        "name": "fish",
        "photoUrls": [
            "string"
        ],
        "tags": [
            {
                "id": 0,
                "name": "string"
            }
        ],
        "status": "available"
    },
    {
        "id": 9222968140497180748,
        "category": {
            "id": 0,
            "name": "string"
        },
        "name": "fish",
        "photoUrls": [
            "string"
        ],
        "tags": [
            {
                "id": 0,
                "name": "string"
            }
        ],
        "status": "available"
    },
    {
        "id": 134,
        "category": {
            "id": 0,
            "name": "dickey"
        },
        "name": "doggie",
        "photoUrls": [
            "string"
        ],
        "tags": [
            {
                "id": 100,
                "name": "bowman"
            }
        ],
        "status": "available"
    },
    {
        "id": 367032585,
        "category": {
            "id": -29245128,
            "name": "incididunt"
        },
        "name": "executing_from_test",
        "photoUrls": [
            "dolore Excepteur est",
            "consequat in labore"
        ],
        "tags": [
            {
                "id": -55902183,
                "name": "Lorem laboris nulla"
            },
            {
                "id": 67424482,
                "name": "incididunt ipsum eiusmod"
            }
        ],
        "status": "available"
    },
    {
        "id": 9222968140497180754,
        "category": {
            "id": 0,
            "name": "string"
        },
        "name": "Puff",
        "photoUrls": [
            "string"
        ],
        "tags": [
            {
                "id": 0,
                "name": "string"
            }
        ],
        "status": "available"
    },
    {
        "id": 9222968140497180755,
        "category": {
            "id": 0,
            "name": "string"
        },
        "name": "doggie",
        "photoUrls": [
            "string"
        ],
        "tags": [
            {
                "id": 0,
                "name": "string"
            }
        ],
        "status": "available"
    },
    {
        "id": 9222968140497180756,
        "category": {
            "id": 0,
            "name": "string"
        },
        "name": "doggie",
        "photoUrls": [
            "string"
        ],
        "tags": [
            {
                "id": 0,
                "name": "string"
            }
        ],
        "status": "available"
    },
    {
        "id": 9222968140497180757,
        "category": {
            "id": 0,
            "name": "string"
        },
        "name": "fish",
        "photoUrls": [
            "string"
        ],
        "tags": [
            {
                "id": 0,
                "name": "string"
            }
        ],
        "status": "available"
    },
    {
        "id": 9222968140497180761,
        "category": {
            "id": 0,
            "name": "string"
        },
        "name": "doggie",
        "photoUrls": [
            "string"
        ],
        "tags": [
            {
                "id": 0,
                "name": "string"
            }
        ],
        "status": "available"
    },
    {
        "id": 9222968140497180762,
        "category": {
            "id": 0,
            "name": "string"
        },
        "name": "doggie",
        "photoUrls": [
            "string"
        ],
        "tags": [
            {
                "id": 0,
                "name": "string"
            }
        ],
        "status": "available"
    },
    {
        "id": 9222968140497180763,
        "name": "siyaan",
        "photoUrls": [
            
        ],
        "tags": [
            
        ],
        "status": "available"
    },
    {
        "id": 9222968140497180768,
        "category": {
            "id": 0,
            "name": "string"
        },
        "name": "fish",
        "photoUrls": [
            "string"
        ],
        "tags": [
            {
                "id": 0,
                "name": "string"
            }
        ],
        "status": "available"
    },
    {
        "id": 9222968140497180791,
        "category": {
            "id": 0,
            "name": "string"
        },
        "name": "doggie",
        "photoUrls": [
            "string"
        ],
        "tags": [
            {
                "id": 0,
                "name": "string"
            }
        ],
        "status": "available"
    },
    {
        "id": 9222968140497180796,
        "category": {
            "id": 0,
            "name": "string"
        },
        "name": "fish",
        "photoUrls": [
            "string"
        ],
        "tags": [
            {
                "id": 0,
                "name": "string"
            }
        ],
        "status": "available"
    },
    {
        "id": 9222968140497180808,
        "category": {
            "id": 0,
            "name": "string"
        },
        "name": "fish",
        "photoUrls": [
            "string"
        ],
        "tags": [
            {
                "id": 0,
                "name": "string"
            }
        ],
        "status": "available"
    },
    {
        "id": 9222968140497180809,
        "category": {
            "id": 0,
            "name": "string"
        },
        "name": "fish",
        "photoUrls": [
            "string"
        ],
        "tags": [
            {
                "id": 0,
                "name": "string"
            }
        ],
        "status": "available"
    },
    {
        "id": 9222968140497180811,
        "category": {
            "id": 0,
            "name": "string"
        },
        "name": "doggie",
        "photoUrls": [
            "string"
        ],
        "tags": [
            {
                "id": 0,
                "name": "string"
            }
        ],
        "status": "available"
    },
    {
        "id": 9222968140497180812,
        "category": {
            "id": 0,
            "name": "string"
        },
        "name": "Puff",
        "photoUrls": [
            "string"
        ],
        "tags": [
            {
                "id": 0,
                "name": "string"
            }
        ],
        "status": "available"
    },
    {
        "id": 9222968140497180813,
        "category": {
            "id": 0,
            "name": "string"
        },
        "name": "doggie",
        "photoUrls": [
            "string"
        ],
        "tags": [
            {
                "id": 0,
                "name": "string"
            }
        ],
        "status": "available"
    },
    {
        "id": 9222968140497180815,
        "category": {
            "id": 0,
            "name": "string"
        },
        "name": "doggie",
        "photoUrls": [
            "string"
        ],
        "tags": [
            {
                "id": 0,
                "name": "string"
            }
        ],
        "status": "available"
    },
    {
        "id": 9222968140497180817,
        "category": {
            "id": 0,
            "name": "string"
        },
        "name": "doggie",
        "photoUrls": [
            "string"
        ],
        "tags": [
            {
                "id": 0,
                "name": "string"
            }
        ],
        "status": "available"
    },
    {
        "id": 9222968140497180832,
        "category": {
            "id": 0,
            "name": "string"
        },
        "name": "fish",
        "photoUrls": [
            "string"
        ],
        "tags": [
            {
                "id": 0,
                "name": "string"
            }
        ],
        "status": "available"
    },
    {
        "id": 9222968140497180833,
        "category": {
            "id": 0,
            "name": "string"
        },
        "name": "fish",
        "photoUrls": [
            "string"
        ],
        "tags": [
            {
                "id": 0,
                "name": "string"
            }
        ],
        "status": "available"
    },
    {
        "id": 9222968140497180834,
        "category": {
            "id": 0,
            "name": "string"
        },
        "name": "fish",
        "photoUrls": [
            "string"
        ],
        "tags": [
            {
                "id": 0,
                "name": "string"
            }
        ],
        "status": "available"
    },
    {
        "id": 9222968140497180835,
        "category": {
            "id": 0,
            "name": "string"
        },
        "name": "doggie",
        "photoUrls": [
            "string"
        ],
        "tags": [
            {
                "id": 0,
                "name": "string"
            }
        ],
        "status": "available"
    },
    {
        "id": 9222968140497180836,
        "category": {
            "id": 0,
            "name": "string"
        },
        "name": "fish",
        "photoUrls": [
            "string"
        ],
        "tags": [
            {
                "id": 0,
                "name": "string"
            }
        ],
        "status": "available"
    },
    {
        "id": 9222968140497180860,
        "category": {
            "id": 0,
            "name": "string"
        },
        "name": "doggie",
        "photoUrls": [
            "string"
        ],
        "tags": [
            {
                "id": 0,
                "name": "string"
            }
        ],
        "status": "available"
    },
    {
        "id": 9222968140497180872,
        "category": {
            "id": 0,
            "name": "string"
        },
        "name": "fish",
        "photoUrls": [
            "string"
        ],
        "tags": [
            {
                "id": 0,
                "name": "string"
            }
        ],
        "status": "available"
    },
    {
        "id": 9222968140497180873,
        "category": {
            "id": 0,
            "name": "string"
        },
        "name": "fish",
        "photoUrls": [
            "string"
        ],
        "tags": [
            {
                "id": 0,
                "name": "string"
            }
        ],
        "status": "available"
    },
    {
        "id": 9222968140497180874,
        "category": {
            "id": 0,
            "name": "string"
        },
        "name": "doggie",
        "photoUrls": [
            "string"
        ],
        "tags": [
            {
                "id": 0,
                "name": "string"
            }
        ],
        "status": "available"
    },
    {
        "id": 9222968140497180875,
        "category": {
            "id": 0,
            "name": "string"
        },
        "name": "Puff",
        "photoUrls": [
            "string"
        ],
        "tags": [
            {
                "id": 0,
                "name": "string"
            }
        ],
        "status": "available"
    },
    {
        "id": 9222968140497180876,
        "category": {
            "id": 0,
            "name": "string"
        },
        "name": "doggie",
        "photoUrls": [
            "string"
        ],
        "tags": [
            {
                "id": 0,
                "name": "string"
            }
        ],
        "status": "available"
    },
    {
        "id": 9222968140497180878,
        "category": {
            "id": 0,
            "name": "Cheese"
        },
        "name": "doggie",
        "photoUrls": [
            "string"
        ],
        "tags": [
            {
                "id": 0,
                "name": "string"
            }
        ],
        "status": "available"
    },
    {
        "id": 9222968140497180879,
        "category": {
            "id": 0,
            "name": "Cheese"
        },
        "name": "doggie",
        "photoUrls": [
            "string"
        ],
        "tags": [
            {
                "id": 0,
                "name": "string"
            }
        ],
        "status": "available"
    },
    {
        "id": 9222968140497180882,
        "category": {
            "id": 0,
            "name": "string"
        },
        "name": "fish",
        "photoUrls": [
            "string"
        ],
        "tags": [
            {
                "id": 0,
                "name": "string"
            }
        ],
        "status": "available"
    },
    {
        "id": 9222968140497180884,
        "category": {
            "id": 0,
            "name": "string"
        },
        "name": "doggie",
        "photoUrls": [
            "string"
        ],
        "tags": [
            {
                "id": 0,
                "name": "string"
            }
        ],
        "status": "available"
    },
    {
        "id": 9222968140497180887,
        "category": {
            "id": 0,
            "name": "string"
        },
        "name": "doggie",
        "photoUrls": [
            "string"
        ],
        "tags": [
            {
                "id": 0,
                "name": "string"
            }
        ],
        "status": "available"
    },
    {
        "id": 9222968140497180888,
        "category": {
            "id": 0,
            "name": "string"
        },
        "name": "doggie",
        "photoUrls": [
            "string"
        ],
        "tags": [
            {
                "id": 0,
                "name": "string"
            }
        ],
        "status": "available"
    },
    {
        "id": 9222968140497180889,
        "category": {
            "id": 0,
            "name": "string"
        },
        "name": "fish",
        "photoUrls": [
            "string"
        ],
        "tags": [
            {
                "id": 0,
                "name": "string"
            }
        ],
        "status": "available"
    },
    {
        "id": 10101010,
        "category": {
            "id": 0,
            "name": "string"
        },
        "name": "doggie",
        "photoUrls": [
            "string"
        ],
        "tags": [
            {
                "id": 111,
                "name": "string"
            }
        ],
        "status": "available"
    },
    {
        "id": 9222968140497180937,
        "category": {
            "id": 0,
            "name": "string"
        },
        "name": "fish",
        "photoUrls": [
            "string"
        ],
        "tags": [
            {
                "id": 0,
                "name": "string"
            }
        ],
        "status": "available"
    },
    {
        "id": 9222968140497180955,
        "category": {
            "id": 0,
            "name": "string"
        },
        "name": "fish",
        "photoUrls": [
            "string"
        ],
        "tags": [
            {
                "id": 0,
                "name": "string"
            }
        ],
        "status": "available"
    },
    {
        "id": 9222968140497180956,
        "category": {
            "id": 0,
            "name": "string"
        },
        "name": "fish",
        "photoUrls": [
            "string"
        ],
        "tags": [
            {
                "id": 0,
                "name": "string"
            }
        ],
        "status": "available"
    },
    {
        "id": 9222968140497180957,
        "category": {
            "id": 0,
            "name": "string"
        },
        "name": "doggie",
        "photoUrls": [
            "string"
        ],
        "tags": [
            {
                "id": 0,
                "name": "string"
            }
        ],
        "status": "available"
    },
    {
        "id": 9222968140497180958,
        "category": {
            "id": 0,
            "name": "string"
        },
        "name": "doggie",
        "photoUrls": [
            "string"
        ],
        "tags": [
            {
                "id": 0,
                "name": "string"
            }
        ],
        "status": "available"
    },
    {
        "id": 9222968140497180959,
        "category": {
            "id": 0,
            "name": "string"
        },
        "name": "Puff",
        "photoUrls": [
            "string"
        ],
        "tags": [
            {
                "id": 0,
                "name": "string"
            }
        ],
        "status": "available"
    },
    {
        "id": 9222968140497180961,
        "category": {
            "id": 0,
            "name": "string"
        },
        "name": "doggie",
        "photoUrls": [
            "string"
        ],
        "tags": [
            {
                "id": 0,
                "name": "string"
            }
        ],
        "status": "available"
    },
    {
        "id": 9222968140497180962,
        "category": {
            "id": 0,
            "name": "string"
        },
        "name": "doggie",
        "photoUrls": [
            "string"
        ],
        "tags": [
            {
                "id": 0,
                "name": "string"
            }
        ],
        "status": "available"
    },
    {
        "id": 9222968140497180967,
        "category": {
            "id": 0,
            "name": "string"
        },
        "name": "fish",
        "photoUrls": [
            "string"
        ],
        "tags": [
            {
                "id": 0,
                "name": "string"
            }
        ],
        "status": "available"
    },
    {
        "id": 9222968140497180980,
        "category": {
            "id": 0,
            "name": "string"
        },
        "name": "fish",
        "photoUrls": [
            "string"
        ],
        "tags": [
            {
                "id": 0,
                "name": "string"
            }
        ],
        "status": "available"
    },
    {
        "id": 9222968140497180981,
        "category": {
            "id": 0,
            "name": "string"
        },
        "name": "fish",
        "photoUrls": [
            "string"
        ],
        "tags": [
            {
                "id": 0,
                "name": "string"
            }
        ],
        "status": "available"
    },
    {
        "id": 9222968140497180982,
        "category": {
            "id": 0,
            "name": "string"
        },
        "name": "fish",
        "photoUrls": [
            "string"
        ],
        "tags": [
            {
                "id": 0,
                "name": "string"
            }
        ],
        "status": "available"
    },
    {
        "id": 9222968140497180993,
        "name": "BowBow",
        "photoUrls": [
            "string"
        ],
        "tags": [
            
        ],
        "status": "available"
    },
    {
        "id": 9222968140497181000,
        "category": {
            "id": 0,
            "name": "Dog"
        },
        "name": "doggie",
        "photoUrls": [
            "string"
        ],
        "tags": [
            {
                "id": 0,
                "name": "string"
            }
        ],
        "status": "available"
    },
    {
        "id": 9222968140497181027,
        "category": {
            "id": 0,
            "name": "string"
        },
        "name": "doggie",
        "photoUrls": [
            "string"
        ],
        "tags": [
            {
                "id": 0,
                "name": "string"
            }
        ],
        "status": "available"
    },
    {
        "id": 9222968140497181031,
        "category": {
            "id": 0,
            "name": "string"
        },
        "name": "doggie",
        "photoUrls": [
            "string"
        ],
        "tags": [
            {
                "id": 0,
                "name": "string"
            }
        ],
        "status": "available"
    },
    {
        "id": 9222968140497181034,
        "category": {
            "id": 0,
            "name": "string"
        },
        "name": "fish",
        "photoUrls": [
            "string"
        ],
        "tags": [
            {
                "id": 0,
                "name": "string"
            }
        ],
        "status": "available"
    },
    {
        "id": 9222968140497181038,
        "category": {
            "id": 0,
            "name": "string"
        },
        "name": "doggie",
        "photoUrls": [
            "string"
        ],
        "tags": [
            {
                "id": 0,
                "name": "string"
            }
        ],
        "status": "available"
    },
    {
        "id": 9222968140497181039,
        "category": {
            "id": 0,
            "name": "string"
        },
        "name": "doggie",
        "photoUrls": [
            "string"
        ],
        "tags": [
            {
                "id": 0,
                "name": "string"
            }
        ],
        "status": "available"
    },
    {
        "id": 9222968140497181040,
        "category": {
            "id": 0,
            "name": "string"
        },
        "name": "doggie",
        "photoUrls": [
            "string"
        ],
        "tags": [
            {
                "id": 0,
                "name": "string"
            }
        ],
        "status": "available"
    },
    {
        "id": 9222968140497181041,
        "category": {
            "id": 0,
            "name": "string"
        },
        "name": "Puff",
        "photoUrls": [
            "string"
        ],
        "tags": [
            {
                "id": 0,
                "name": "string"
            }
        ],
        "status": "available"
    },
    {
        "id": 9222968140497181042,
        "category": {
            "id": 0,
            "name": "string"
        },
        "name": "fish",
        "photoUrls": [
            "string"
        ],
        "tags": [
            {
                "id": 0,
                "name": "string"
            }
        ],
        "status": "available"
    },
    {
        "id": 9222968140497181044,
        "category": {
            "id": 0,
            "name": "string"
        },
        "name": "fish",
        "photoUrls": [
            "string"
        ],
        "tags": [
            {
                "id": 0,
                "name": "string"
            }
        ],
        "status": "available"
    },
    {
        "id": 9222968140497181048,
        "category": {
            "id": 0,
            "name": "string"
        },
        "name": "test",
        "photoUrls": [
            "string"
        ],
        "tags": [
            {
                "id": 0,
                "name": "string"
            }
        ],
        "status": "available"
    },
    {
        "id": 9222968140497181049,
        "category": {
            "id": 0,
            "name": "string"
        },
        "name": "test",
        "photoUrls": [
            "string"
        ],
        "tags": [
            {
                "id": 0,
                "name": "string"
            }
        ],
        "status": "available"
    },
    {
        "id": 9222968140497181050,
        "category": {
            "id": 0,
            "name": "string"
        },
        "name": "test",
        "photoUrls": [
            "string"
        ],
        "tags": [
            {
                "id": 0,
                "name": "string"
            }
        ],
        "status": "available"
    },
    {
        "id": 9222968140497181051,
        "category": {
            "id": 0,
            "name": "string"
        },
        "name": "test",
        "photoUrls": [
            "string"
        ],
        "tags": [
            {
                "id": 0,
                "name": "string"
            }
        ],
        "status": "available"
    },
    {
        "id": 9222968140497181052,
        "category": {
            "id": 0,
            "name": "string"
        },
        "name": "fish",
        "photoUrls": [
            "string"
        ],
        "tags": [
            {
                "id": 0,
                "name": "string"
            }
        ],
        "status": "available"
    },
    {
        "id": 9222968140497181053,
        "name": "BowBow",
        "photoUrls": [
            "string"
        ],
        "tags": [
            
        ],
        "status": "available"
    },
    {
        "id": 9222968140497181060,
        "category": {
            "id": 0,
            "name": "string"
        },
        "name": "doggie",
        "photoUrls": [
            "string"
        ],
        "tags": [
            {
                "id": 0,
                "name": "string"
            }
        ],
        "status": "available"
    },
    {
        "id": 9222968140497181073,
        "category": {
            "id": 0,
            "name": "string"
        },
        "name": "fish",
        "photoUrls": [
            "string"
        ],
        "tags": [
            {
                "id": 0,
                "name": "string"
            }
        ],
        "status": "available"
    },
    {
        "id": 9222968140497181081,
        "category": {
            "id": 0,
            "name": "string"
        },
        "name": "fish",
        "photoUrls": [
            "string"
        ],
        "tags": [
            {
                "id": 0,
                "name": "string"
            }
        ],
        "status": "available"
    },
    {
        "id": 9222968140497181088,
        "category": {
            "id": 0,
            "name": "string"
        },
        "name": "fish",
        "photoUrls": [
            "string"
        ],
        "tags": [
            {
                "id": 0,
                "name": "string"
            }
        ],
        "status": "available"
    },
    {
        "id": 9222968140497181092,
        "category": {
            "id": 0,
            "name": "string"
        },
        "name": "doggie",
        "photoUrls": [
            "string"
        ],
        "tags": [
            {
                "id": 0,
                "name": "string"
            }
        ],
        "status": "available"
    },
    {
        "id": 9222968140497181094,
        "category": {
            "id": 0,
            "name": "string"
        },
        "name": "doggie",
        "photoUrls": [
            "string"
        ],
        "tags": [
            {
                "id": 0,
                "name": "string"
            }
        ],
        "status": "available"
    },
    {
        "id": 9222968140497181095,
        "category": {
            "id": 0,
            "name": "string"
        },
        "name": "Puff",
        "photoUrls": [
            "string"
        ],
        "tags": [
            {
                "id": 0,
                "name": "string"
            }
        ],
        "status": "available"
    },
    {
        "id": 9222968140497181109,
        "category": {
            "id": 0,
            "name": "string"
        },
        "name": "fish",
        "photoUrls": [
            "string"
        ],
        "tags": [
            {
                "id": 0,
                "name": "string"
            }
        ],
        "status": "available"
    },
    {
        "id": 9222968140497181110,
        "category": {
            "id": 0,
            "name": "string"
        },
        "name": "fish",
        "photoUrls": [
            "string"
        ],
        "tags": [
            {
                "id": 0,
                "name": "string"
            }
        ],
        "status": "available"
    },
    {
        "id": 9222968140497181111,
        "category": {
            "id": 0,
            "name": "string"
        },
        "name": "fish",
        "photoUrls": [
            "string"
        ],
        "tags": [
            {
                "id": 0,
                "name": "string"
            }
        ],
        "status": "available"
    },
    {
        "id": 9222968140497181112,
        "category": {
            "id": 0,
            "name": "string"
        },
        "name": "fish",
        "photoUrls": [
            "string"
        ],
        "tags": [
            {
                "id": 0,
                "name": "string"
            }
        ],
        "status": "available"
    },
    {
        "id": 9222968140497181133,
        "category": {
            "id": 0,
            "name": "string"
        },
        "name": "doggie",
        "photoUrls": [
            "string"
        ],
        "tags": [
            {
                "id": 0,
                "name": "string"
            }
        ],
        "status": "available"
    },
    {
        "id": 9222968140497181141,
        "category": {
            "id": 0,
            "name": "string"
        },
        "name": "doggie",
        "photoUrls": [
            "string"
        ],
        "tags": [
            {
                "id": 0,
                "name": "string"
            }
        ],
        "status": "available"
    },
    {
        "id": 9222968140497181145,
        "category": {
            "id": 0,
            "name": "string"
        },
        "name": "doggie",
        "photoUrls": [
            "string"
        ],
        "tags": [
            {
                "id": 0,
                "name": "string"
            }
        ],
        "status": "available"
    },
    {
        "id": 9222968140497181146,
        "category": {
            "id": 0,
            "name": "string"
        },
        "name": "doggie",
        "photoUrls": [
            "string"
        ],
        "tags": [
            {
                "id": 0,
                "name": "string"
            }
        ],
        "status": "available"
    },
    {
        "id": 9223372016900011620,
        "category": {
            "id": -6564867,
            "name": "Rabit"
        },
        "name": "Flaffy",
        "photoUrls": [
            
        ],
        "tags": [
            {
                "id": 2285843,
                "name": "Brown milk colour"
            },
            {
                "id": -48126337,
                "name": "small"
            }
        ],
        "status": "available"
    },
    {
        "id": 9223372016900011623,
        "category": {
            "id": 0,
            "name": "string"
        },
        "name": "fish",
        "photoUrls": [
            "string"
        ],
        "tags": [
            {
                "id": 0,
                "name": "string"
            }
        ],
        "status": "available"
    },
    {
        "id": 23,
        "name": "pet23",
        "photoUrls": [
            "string"
        ],
        "tags": [
            
        ],
        "status": "available"
    },
    {
        "id": 9223372016900011632,
        "category": {
            "id": 0,
            "name": "string"
        },
        "name": "fish",
        "photoUrls": [
            "string"
        ],
        "tags": [
            {
                "id": 0,
                "name": "string"
            }
        ],
        "status": "available"
    },
    {
        "id": 9223372016900011634,
        "category": {
            "id": 0,
            "name": "string"
        },
        "name": "doggie",
        "photoUrls": [
            "string"
        ],
        "tags": [
            {
                "id": 0,
                "name": "string"
            }
        ],
        "status": "available"
    },
    {
        "id": 9223372016900011635,
        "category": {
            "id": 0,
            "name": "string"
        },
        "name": "doggie",
        "photoUrls": [
            "string"
        ],
        "tags": [
            {
                "id": 0,
                "name": "string"
            }
        ],
        "status": "available"
    },
    {
        "id": 9223372016900011638,
        "category": {
            "id": 0,
            "name": "string"
        },
        "name": "Puff",
        "photoUrls": [
            "string"
        ],
        "tags": [
            {
                "id": 0,
                "name": "string"
            }
        ],
        "status": "available"
    },
    {
        "id": 92,
        "name": "pet92",
        "photoUrls": [
            "string"
        ],
        "tags": [
            
        ],
        "status": "available"
    },
    {
        "id": 9223372016900011640,
        "category": {
            "id": 0,
            "name": "sunderesan"
        },
        "name": "pig",
        "photoUrls": [
            "string"
        ],
        "tags": [
            {
                "id": 0,
                "name": "string"
            }
        ],
        "status": "available"
    },
    {
        "id": 69,
        "name": "pet69",
        "photoUrls": [
            "string"
        ],
        "tags": [
            
        ],
        "status": "available"
    },
    {
        "id": 9223372016900011645,
        "category": {
            "id": 0,
            "name": "string"
        },
        "name": "fish",
        "photoUrls": [
            "string"
        ],
        "tags": [
            {
                "id": 0,
                "name": "string"
            }
        ],
        "status": "available"
    },
    {
        "id": 9223372016900011646,
        "category": {
            "id": 0,
            "name": "string"
        },
        "name": "doggie",
        "photoUrls": [
            "string"
        ],
        "tags": [
            {
                "id": 0,
                "name": "string"
            }
        ],
        "status": "available"
    },
    {
        "id": 9223372016900011649,
        "category": {
            "id": 0,
            "name": "string"
        },
        "name": "fish",
        "photoUrls": [
            "string"
        ],
        "tags": [
            {
                "id": 0,
                "name": "string"
            }
        ],
        "status": "available"
    },
    {
        "id": 9223372016900011650,
        "category": {
            "id": 9,
            "name": "ZpstHLaG"
        },
        "name": "doggie",
        "photoUrls": [
            "xyf2JU9XLy",
            "yAWwYGtkmy"
        ],
        "tags": [
            {
                "id": 9,
                "name": "KSoLioP"
            },
            {
                "id": 0,
                "name": "xcmnSZe8"
            }
        ],
        "status": "available"
    },
    {
        "id": 9223372016900011652,
        "category": {
            "id": 4,
            "name": "5WioIlF"
        },
        "name": "doggie",
        "photoUrls": [
            "JgWXVgwRuh",
            "mBZw1AmNUji"
        ],
        "tags": [
            {
                "id": 4,
                "name": "wne95"
            },
            {
                "id": 2,
                "name": "aGyfM6u"
            }
        ],
        "status": "available"
    },
    {
        "id": 9223372016900011655,
        "category": {
            "id": 9,
            "name": "ZpstHLaG"
        },
        "name": "doggie",
        "photoUrls": [
            "xyf2JU9XLy",
            "yAWwYGtkmy"
        ],
        "tags": [
            {
                "id": 9,
                "name": "KSoLioP"
            },
            {
                "id": 0,
                "name": "xcmnSZe8"
            }
        ],
        "status": "available"
    },
    {
        "id": 9223372016900011656,
        "category": {
            "id": 4,
            "name": "5WioIlF"
        },
        "name": "doggie",
        "photoUrls": [
            "JgWXVgwRuh",
            "mBZw1AmNUji"
        ],
        "tags": [
            {
                "id": 4,
                "name": "wne95"
            },
            {
                "id": 2,
                "name": "aGyfM6u"
            }
        ],
        "status": "available"
    },
    {
        "id": 9223372016900011657,
        "category": {
            "id": 9,
            "name": "ZpstHLaG"
        },
        "name": "doggie",
        "photoUrls": [
            "xyf2JU9XLy",
            "yAWwYGtkmy"
        ],
        "tags": [
            {
                "id": 9,
                "name": "KSoLioP"
            },
            {
                "id": 0,
                "name": "xcmnSZe8"
            }
        ],
        "status": "available"
    },
    {
        "id": 9223372016900011658,
        "category": {
            "id": 4,
            "name": "5WioIlF"
        },
        "name": "doggie",
        "photoUrls": [
            "JgWXVgwRuh",
            "mBZw1AmNUji"
        ],
        "tags": [
            {
                "id": 4,
                "name": "wne95"
            },
            {
                "id": 2,
                "name": "aGyfM6u"
            }
        ],
        "status": "available"
    },
    {
        "id": 17,
        "name": "pet17",
        "photoUrls": [
            "string"
        ],
        "tags": [
            
        ],
        "status": "available"
    },
    {
        "id": 75,
        "name": "pet75",
        "photoUrls": [
            "string"
        ],
        "tags": [
            
        ],
        "status": "available"
    },
    {
        "id": 22,
        "name": "pet22",
        "photoUrls": [
            "string"
        ],
        "tags": [
            
        ],
        "status": "available"
    },
    {
        "id": 9222968140497180179,
        "category": {
            "id": 0,
            "name": "string"
        },
        "name": "test",
        "photoUrls": [
            "string"
        ],
        "tags": [
            {
                "id": 0,
                "name": "string"
            }
        ],
        "status": "available"
    },
    {
        "id": 83,
        "name": "pet83",
        "photoUrls": [
            "string"
        ],
        "tags": [
            
        ],
        "status": "available"
    },
    {
        "id": 99996,
        "name": "doggie_by_ms",
        "photoUrls": [
            "string"
        ],
        "tags": [
            {
                "id": 0,
                "name": "string"
            }
        ],
        "status": "available"
    },
    {
        "id": 9222968140491042131,
        "category": {
            "id": 0,
            "name": "string"
        },
        "name": "doggie",
        "photoUrls": [
            "string"
        ],
        "tags": [
            {
                "id": 0,
                "name": "string"
            }
        ],
        "status": "available"
    },
    {
        "id": 3,
        "category": {
            "id": 6,
            "name": "doggiepic1"
        },
        "name": "doggie",
        "photoUrls": [
            "string"
        ],
        "tags": [
            {
                "id": 0,
                "name": "string"
            }
        ],
        "status": "available"
    },
    {
        "id": 7,
        "category": {
            "id": 7,
            "name": "kokila"
        },
        "name": "kokila",
        "photoUrls": [
            "string"
        ],
        "tags": [
            {
                "id": 0,
                "name": "string"
            }
        ],
        "status": "available"
    },
    {
        "id": 8,
        "category": {
            "id": 1,
            "name": "Asr6VZA"
        },
        "name": "doggie",
        "photoUrls": [
            "OnaKpzva68f4",
            "pUf24Tj63DSP3"
        ],
        "tags": [
            {
                "id": 6,
                "name": "Yqnf4"
            },
            {
                "id": 9,
                "name": "F61BqRd"
            }
        ],
        "status": "available"
    },
    {
        "id": 914221,
        "name": "Fido",
        "photoUrls": [
            
        ],
        "tags": [
            
        ],
        "status": "available"
    },
    {
        "id": 984102,
        "name": "Fido",
        "photoUrls": [
            
        ],
        "tags": [
            
        ],
        "status": "available"
    },
    {
        "id": 787978,
        "name": "Fido",
        "photoUrls": [
            
        ],
        "tags": [
            
        ],
        "status": "available"
    },
    {
        "id": 109704,
        "name": "Fido",
        "photoUrls": [
            
        ],
        "tags": [
            
        ],
        "status": "available"
    },
    {
        "id": 386931,
        "name": "Fido",
        "photoUrls": [
            
        ],
        "tags": [
            
        ],
        "status": "available"
    },
    {
        "id": 643781,
        "name": "Fido",
        "photoUrls": [
            
        ],
        "tags": [
            
        ],
        "status": "available"
    },
    {
        "id": 28,
        "name": "pet28",
        "photoUrls": [
            "string"
        ],
        "tags": [
            
        ],
        "status": "available"
    },
    {
        "id": 14,
        "name": "pet14",
        "photoUrls": [
            "string"
        ],
        "tags": [
            
        ],
        "status": "available"
    },
    {
        "id": 7653,
        "category": {
            "id": 1,
            "name": "crazycats"
        },
        "name": "buka",
        "photoUrls": [
            "string"
        ],
        "tags": [
            {
                "id": 0,
                "name": "string"
            }
        ],
        "status": "available"
    },
    {
        "id": 123890,
        "category": {
            "id": 0,
            "name": "raw"
        },
        "name": "bolt",
        "photoUrls": [
            "string"
        ],
        "tags": [
            {
                "id": 0,
                "name": "string"
            }
        ],
        "status": "available"
    },
    {
        "id": 101,
        "category": {
            "id": 0,
            "name": "Cat"
        },
        "name": "Cat",
        "photoUrls": [
            "string"
        ],
        "tags": [
            {
                "id": 1,
                "name": "Tag1"
            }
        ],
        "status": "available"
    },
    {
        "id": 99999,
        "category": {
            "id": 0,
            "name": "housedog"
        },
        "name": "Johnx2",
        "photoUrls": [
            "string"
        ],
        "tags": [
            {
                "id": 0,
                "name": "string"
            }
        ],
        "status": "available"
    },
    {
        "id": 3114,
        "category": {
            "id": 3114,
            "name": "string"
        },
        "name": "doggie",
        "photoUrls": [
            "abc",
            "def"
        ],
        "tags": [
            {
                "id": 0,
                "name": "test0"
            },
            {
                "id": 1,
                "name": "test1"
            }
        ],
        "status": "available"
    },
    {
        "id": 56465,
        "category": {
            "id": 1,
            "name": "Tata"
        },
        "name": "Pug",
        "photoUrls": [
            "tt"
        ],
        "tags": [
            {
                "id": 1,
                "name": "teste"
            }
        ],
        "status": "available"
    },
    {
        "id": 123,
        "category": {
            "id": 0,
            "name": "string"
        },
        "name": "doggie",
        "photoUrls": [
            "string"
        ],
        "tags": [
            {
                "id": 0,
                "name": "string"
            }
        ],
        "status": "available"
    },
    {
        "id": 163636161636,
        "category": {
            "id": 0,
            "name": "string"
        },
        "name": "RiggyNiga",
        "photoUrls": [
            "string"
        ],
        "tags": [
            {
                "id": 0,
                "name": "string"
            }
        ],
        "status": "available"
    },
    {
        "id": 1010101010,
        "category": {
            "id": 0,
            "name": "string"
        },
        "name": "RiggyNigga",
        "photoUrls": [
            "string"
        ],
        "tags": [
            {
                "id": 0,
                "name": "string"
            }
        ],
        "status": "available"
    },
    {
        "id": 193,
        "category": {
            "id": 0,
            "name": "string"
        },
        "name": "Sam",
        "photoUrls": [
            "string"
        ],
        "tags": [
            {
                "id": 0,
                "name": "string"
            }
        ],
        "status": "available"
    },
    {
        "id": 201,
        "name": "Darby",
        "photoUrls": [
            
        ],
        "tags": [
            
        ],
        "status": "available"
    },
    {
        "id": 1240,
        "name": "Jayson",
        "photoUrls": [
            
        ],
        "tags": [
            
        ],
        "status": "available"
    },
    {
        "id": 5092,
        "category": {
            "id": 5092,
            "name": "doggo"
        },
        "name": "doggo",
        "photoUrls": [
            "1"
        ],
        "tags": [
            {
                "id": 5092,
                "name": "doggo"
            }
        ],
        "status": "available"
    },
    {
        "id": 1111,
        "category": {
            "id": 1111,
            "name": "Doggy"
        },
        "name": "Doggy",
        "photoUrls": [
            "www.urls.com"
        ],
        "tags": [
            {
                "id": 1111,
                "name": "Doggy"
            }
        ],
        "status": "available"
    },
    {
        "id": 765,
        "name": "Lui",
        "photoUrls": [
            
        ],
        "tags": [
            
        ],
        "status": "available"
    },
    {
        "id": 13,
        "category": {
            "id": 13,
            "name": "Dog"
        },
        "name": "Rex",
        "photoUrls": [
            "string"
        ],
        "tags": [
            {
                "id": 13,
                "name": "string"
            }
        ],
        "status": "available"
    },
    {
        "id": 4,
        "category": {
            "id": 8,
            "name": "doggiepic2"
        },
        "name": "doggie",
        "photoUrls": [
            "string"
        ],
        "tags": [
            {
                "id": 0,
                "name": "string"
            }
        ],
        "status": "available"
    },
    {
        "id": 33,
        "category": {
            "id": 3,
            "name": "doggiepic2"
        },
        "name": "doggie",
        "photoUrls": [
            "string"
        ],
        "tags": [
            {
                "id": 0,
                "name": "string"
            }
        ],
        "status": "available"
    },
    {
        "id": 25921110,
        "category": {
            "id": -68630540,
            "name": "eiusmod"
        },
        "name": "pussyCat",
        "photoUrls": [
            "in fugiat reprehenderit",
            "eu"
        ],
        "tags": [
            {
                "id": -72258284,
                "name": "irure eiusmod dolore eu"
            },
            {
                "id": 60408986,
                "name": "in qui amet"
            }
        ],
        "status": "available"
    },
    {
        "id": 50004204,
        "category": {
            "id": 52780079,
            "name": "consequat enim pariatur in in"
        },
        "name": "doggie",
        "photoUrls": [
            "nostrud occaecat pariatur in",
            "officia elit mollit qui"
        ],
        "tags": [
            {
                "id": 61248090,
                "name": "nisi Lorem sed officia amet"
            },
            {
                "id": 4533900,
                "name": "eu"
            }
        ],
        "status": "available"
    },
    {
        "id": 8967,
        "category": {
            "id": 56,
            "name": "dog"
        },
        "name": "Oliver",
        "photoUrls": [
            "string"
        ],
        "tags": [
            {
                "id": 0,
                "name": "string"
            }
        ],
        "status": "available"
    },
    {
        "id": 2210,
        "category": {
            "id": 2210,
            "name": "Hedwig"
        },
        "name": "Hedwig",
        "photoUrls": [
            "www.harrypotter.org"
        ],
        "tags": [
            {
                "id": 2210,
                "name": "Hedwig"
            }
        ],
        "status": "available"
    },
    {
        "id": 12345,
        "category": {
            "id": 12,
            "name": "QTREE"
        },
        "name": "123",
        "photoUrls": [
            "QTREE TECH"
        ],
        "tags": [
            {
                "id": 0,
                "name": "QVALUE"
            }
        ],
        "status": "available"
    },
    {
        "id": 93346317795377590,
        "category": {
            "id": 2,
            "name": "dog"
        },
        "name": "Seba",
        "photoUrls": [
            
        ],
        "tags": [
            
        ],
        "status": "available"
    },
    {
        "id": 500,
        "category": {
            "id": 1,
            "name": "ramu"
        },
        "name": "ramu",
        "photoUrls": [
            "xyz.com"
        ],
        "tags": [
            {
                "id": 1,
                "name": "tag1"
            }
        ],
        "status": "available"
    },
    {
        "id": 123000123,
        "category": {
            "id": 0,
            "name": "string"
        },
        "name": "doggie",
        "photoUrls": [
            "string"
        ],
        "tags": [
            {
                "id": 0,
                "name": "string"
            }
        ],
        "status": "available"
    },
    {
        "id": 112233,
        "category": {
            "id": 30,
            "name": "Eq-dog"
        },
        "name": "Postman",
        "photoUrls": [
            "URLLink"
        ],
        "tags": [
            {
                "id": 10,
                "name": "Doberman"
            }
        ],
        "status": "available"
    },
    {
        "id": 22386778,
        "category": {
            "id": -25647035,
            "name": "Duis dolor"
        },
        "name": "doggie",
        "photoUrls": [
            "proident qui",
            "eiusmod non fugiat qui in"
        ],
        "tags": [
            {
                "id": 28440767,
                "name": "est ad"
            },
            {
                "id": 42048646,
                "name": "non ad"
            }
        ],
        "status": "available"
    },
    {
        "id": 238,
        "category": {
            "id": 303,
            "name": "Arianna"
        },
        "name": "{{our_pet}}",
        "photoUrls": [
            "{{randomImgUrl}}"
        ],
        "tags": [
            {
                "id": 460,
                "name": "Britney"
            }
        ],
        "status": "available"
    },
    {
        "id": 25555556,
        "category": {
            "id": 0,
            "name": "dog"
        },
        "name": "kyra",
        "photoUrls": [
            "string"
        ],
        "tags": [
            {
                "id": 0,
                "name": "string"
            }
        ],
        "status": "available"
    },
    {
        "id": 1716163661,
        "category": {
            "id": 0,
            "name": "pajaro"
        },
        "name": "pupo",
        "photoUrls": [
            "string"
        ],
        "tags": [
            {
                "id": 0,
                "name": "sintag"
            }
        ],
        "status": "available"
    },
    {
        "id": 999,
        "category": {
            "id": 0,
            "name": "string"
        },
        "name": "German Cat",
        "photoUrls": [
            "string"
        ],
        "tags": [
            {
                "id": 0,
                "name": "string"
            }
        ],
        "status": "available"
    },
    {
        "id": 2,
        "category": {
            "id": 1232,
            "name": "555"
        },
        "name": "CatTest",
        "photoUrls": [
            
        ],
        "tags": [
            {
                "id": 2,
                "name": "54"
            }
        ],
        "status": "available"
    },
    {
        "id": 9223372016900011660,
        "category": {
            "id": -8560863,
            "name": "enim non in ut dolore"
        },
        "name": "doggie",
        "photoUrls": [
            "in cillum",
            "commodo"
        ],
        "tags": [
            {
                "id": -46389904,
                "name": "in pariatur Excepteur"
            },
            {
                "id": 77682975,
                "name": "dolor Excepteur cupidatat pariatur nisi"
            }
        ],
        "status": "available"
    },
    {
        "id": 9223372016900011661,
        "category": {
            "id": 0,
            "name": "string"
        },
        "name": "doggie",
        "photoUrls": [
            "string"
        ],
        "tags": [
            {
                "id": 0,
                "name": "string"
            }
        ],
        "status": "available"
    },
    {
        "id": 9223372016900011663,
        "category": {
            "id": 0,
            "name": "string"
        },
        "name": "doggie",
        "photoUrls": [
            "string"
        ],
        "tags": [
            {
                "id": 0,
                "name": "string"
            }
        ],
        "status": "available"
    },
    {
        "id": 9223372016900011664,
        "category": {
            "id": 0,
            "name": "string"
        },
        "name": "Puff",
        "photoUrls": [
            "string"
        ],
        "tags": [
            {
                "id": 0,
                "name": "string"
            }
        ],
        "status": "available"
    },
    {
        "id": 9223372016900011665,
        "category": {
            "id": -8560863,
            "name": "enim non in ut dolore"
        },
        "name": "doggie",
        "photoUrls": [
            "in cillum",
            "commodo"
        ],
        "tags": [
            {
                "id": -46389904,
                "name": "in pariatur Excepteur"
            },
            {
                "id": 77682975,
                "name": "dolor Excepteur cupidatat pariatur nisi"
            }
        ],
        "status": "available"
    },
    {
        "id": 9223372016900011670,
        "category": {
            "id": -8560863,
            "name": "enim non in ut dolore"
        },
        "name": "doggie",
        "photoUrls": [
            "in cillum",
            "commodo"
        ],
        "tags": [
            {
                "id": -46389904,
                "name": "in pariatur Excepteur"
            },
            {
                "id": 77682975,
                "name": "dolor Excepteur cupidatat pariatur nisi"
            }
        ],
        "status": "available"
    },
    {
        "id": 9223372016900011671,
        "category": {
            "id": -8560863,
            "name": "enim non in ut dolore"
        },
        "name": "doggie",
        "photoUrls": [
            "in cillum",
            "commodo"
        ],
        "tags": [
            {
                "id": -46389904,
                "name": "in pariatur Excepteur"
            },
            {
                "id": 77682975,
                "name": "dolor Excepteur cupidatat pariatur nisi"
            }
        ],
        "status": "available"
    },
    {
        "id": 9223372016900011672,
        "category": {
            "id": -8560863,
            "name": "enim non in ut dolore"
        },
        "name": "doggie",
        "photoUrls": [
            "in cillum",
            "commodo"
        ],
        "tags": [
            {
                "id": -46389904,
                "name": "in pariatur Excepteur"
            },
            {
                "id": 77682975,
                "name": "dolor Excepteur cupidatat pariatur nisi"
            }
        ],
        "status": "available"
    },
    {
        "id": 9223372016900011675,
        "category": {
            "id": -8560863,
            "name": "enim non in ut dolore"
        },
        "name": "doggie",
        "photoUrls": [
            "in cillum",
            "commodo"
        ],
        "tags": [
            {
                "id": -46389904,
                "name": "in pariatur Excepteur"
            },
            {
                "id": 77682975,
                "name": "dolor Excepteur cupidatat pariatur nisi"
            }
        ],
        "status": "available"
    },
    {
        "id": 9223372016900011676,
        "category": {
            "id": -8560863,
            "name": "enim non in ut dolore"
        },
        "name": "doggie",
        "photoUrls": [
            "in cillum",
            "commodo"
        ],
        "tags": [
            {
                "id": -46389904,
                "name": "in pariatur Excepteur"
            },
            {
                "id": 77682975,
                "name": "dolor Excepteur cupidatat pariatur nisi"
            }
        ],
        "status": "available"
    },
    {
        "id": 9223372016900011677,
        "category": {
            "id": 0,
            "name": "string"
        },
        "name": "doggie",
        "photoUrls": [
            "string"
        ],
        "tags": [
            {
                "id": 0,
                "name": "string"
            }
        ],
        "status": "available"
    },
    {
        "id": 9223372016900011678,
        "category": {
            "id": -8560863,
            "name": "enim non in ut dolore"
        },
        "name": "doggie",
        "photoUrls": [
            "in cillum",
            "commodo"
        ],
        "tags": [
            {
                "id": -46389904,
                "name": "in pariatur Excepteur"
            },
            {
                "id": 77682975,
                "name": "dolor Excepteur cupidatat pariatur nisi"
            }
        ],
        "status": "available"
    },
    {
        "id": 9223372016900011683,
        "category": {
            "id": -8560863,
            "name": "enim non in ut dolore"
        },
        "name": "doggie",
        "photoUrls": [
            "in cillum",
            "commodo"
        ],
        "tags": [
            {
                "id": -46389904,
                "name": "in pariatur Excepteur"
            },
            {
                "id": 77682975,
                "name": "dolor Excepteur cupidatat pariatur nisi"
            }
        ],
        "status": "available"
    },
    {
        "id": 9223372016900011684,
        "category": {
            "id": 0,
            "name": "string"
        },
        "name": "doggie",
        "photoUrls": [
            "string"
        ],
        "tags": [
            {
                "id": 0,
                "name": "string"
            }
        ],
        "status": "available"
    },
    {
        "id": 9223372016900011685,
        "category": {
            "id": 0,
            "name": "string"
        },
        "name": "doggie",
        "photoUrls": [
            "string"
        ],
        "tags": [
            {
                "id": 0,
                "name": "string"
            }
        ],
        "status": "available"
    },
    {
        "id": 9223372016900011686,
        "category": {
            "id": -8560863,
            "name": "enim non in ut dolore"
        },
        "name": "doggie",
        "photoUrls": [
            "in cillum",
            "commodo"
        ],
        "tags": [
            {
                "id": -46389904,
                "name": "in pariatur Excepteur"
            },
            {
                "id": 77682975,
                "name": "dolor Excepteur cupidatat pariatur nisi"
            }
        ],
        "status": "available"
    },
    {
        "id": 9223372016900011689,
        "category": {
            "id": 0,
            "name": "string"
        },
        "name": "fish",
        "photoUrls": [
            "string"
        ],
        "tags": [
            {
                "id": 0,
                "name": "string"
            }
        ],
        "status": "available"
    },
    {
        "id": 9223372016900011690,
        "category": {
            "id": -8560863,
            "name": "enim non in ut dolore"
        },
        "name": "doggie",
        "photoUrls": [
            "in cillum",
            "commodo"
        ],
        "tags": [
            {
                "id": -46389904,
                "name": "in pariatur Excepteur"
            },
            {
                "id": 77682975,
                "name": "dolor Excepteur cupidatat pariatur nisi"
            }
        ],
        "status": "available"
    },
    {
        "id": 9223372016900011695,
        "category": {
            "id": -8560863,
            "name": "enim non in ut dolore"
        },
        "name": "doggie",
        "photoUrls": [
            "in cillum",
            "commodo"
        ],
        "tags": [
            {
                "id": -46389904,
                "name": "in pariatur Excepteur"
            },
            {
                "id": 77682975,
                "name": "dolor Excepteur cupidatat pariatur nisi"
            }
        ],
        "status": "available"
    },
    {
        "id": 9223372016900011696,
        "category": {
            "id": -8560863,
            "name": "enim non in ut dolore"
        },
        "name": "doggie",
        "photoUrls": [
            "in cillum",
            "commodo"
        ],
        "tags": [
            {
                "id": -46389904,
                "name": "in pariatur Excepteur"
            },
            {
                "id": 77682975,
                "name": "dolor Excepteur cupidatat pariatur nisi"
            }
        ],
        "status": "available"
    },
    {
        "id": 9223372016900011697,
        "category": {
            "id": -8560863,
            "name": "enim non in ut dolore"
        },
        "name": "doggie",
        "photoUrls": [
            "in cillum",
            "commodo"
        ],
        "tags": [
            {
                "id": -46389904,
                "name": "in pariatur Excepteur"
            },
            {
                "id": 77682975,
                "name": "dolor Excepteur cupidatat pariatur nisi"
            }
        ],
        "status": "available"
    },
    {
        "id": 9223372016900011699,
        "category": {
            "id": -8560863,
            "name": "enim non in ut dolore"
        },
        "name": "doggie",
        "photoUrls": [
            "in cillum",
            "commodo"
        ],
        "tags": [
            {
                "id": -46389904,
                "name": "in pariatur Excepteur"
            },
            {
                "id": 77682975,
                "name": "dolor Excepteur cupidatat pariatur nisi"
            }
        ],
        "status": "available"
    },
    {
        "id": 9223372016900011700,
        "category": {
            "id": -8560863,
            "name": "enim non in ut dolore"
        },
        "name": "doggie",
        "photoUrls": [
            "in cillum",
            "commodo"
        ],
        "tags": [
            {
                "id": -46389904,
                "name": "in pariatur Excepteur"
            },
            {
                "id": 77682975,
                "name": "dolor Excepteur cupidatat pariatur nisi"
            }
        ],
        "status": "available"
    },
    {
        "id": 9223372016900011702,
        "category": {
            "id": -8560863,
            "name": "enim non in ut dolore"
        },
        "name": "doggie",
        "photoUrls": [
            "in cillum",
            "commodo"
        ],
        "tags": [
            {
                "id": -46389904,
                "name": "in pariatur Excepteur"
            },
            {
                "id": 77682975,
                "name": "dolor Excepteur cupidatat pariatur nisi"
            }
        ],
        "status": "available"
    },
    {
        "id": 9223372016900011704,
        "category": {
            "id": 0,
            "name": "string"
        },
        "name": "fish",
        "photoUrls": [
            "string"
        ],
        "tags": [
            {
                "id": 0,
                "name": "string"
            }
        ],
        "status": "available"
    },
    {
        "id": 9223372016900011727,
        "category": {
            "id": 0,
            "name": "GermanShepherd"
        },
        "name": "doggie",
        "photoUrls": [
            "string"
        ],
        "tags": [
            {
                "id": 0,
                "name": "GermanShepherd"
            }
        ],
        "status": "available"
    },
    {
        "id": 9223372016900011730,
        "category": {
            "id": 0,
            "name": "string"
        },
        "name": "fish",
        "photoUrls": [
            "string"
        ],
        "tags": [
            {
                "id": 0,
                "name": "string"
            }
        ],
        "status": "available"
    },
    {
        "id": 9223372016900011738,
        "category": {
            "id": 0,
            "name": "string"
        },
        "name": "doggie",
        "photoUrls": [
            "string"
        ],
        "tags": [
            {
                "id": 0,
                "name": "string"
            }
        ],
        "status": "available"
    },
    {
        "id": 9223372016900011739,
        "category": {
            "id": 0,
            "name": "string"
        },
        "name": "fish",
        "photoUrls": [
            "string"
        ],
        "tags": [
            {
                "id": 0,
                "name": "string"
            }
        ],
        "status": "available"
    },
    {
        "id": 9223372016900011740,
        "category": {
            "id": 0,
            "name": "string"
        },
        "name": "fish",
        "photoUrls": [
            "string"
        ],
        "tags": [
            {
                "id": 0,
                "name": "string"
            }
        ],
        "status": "available"
    },
    {
        "id": 9223372016900011741,
        "category": {
            "id": 0,
            "name": "Dog"
        },
        "name": "Tindu",
        "photoUrls": [
            "string"
        ],
        "tags": [
            {
                "id": 0,
                "name": "string"
            }
        ],
        "status": "available"
    },
    {
        "id": 9223372016900011742,
        "category": {
            "id": 0,
            "name": "string"
        },
        "name": "Puff",
        "photoUrls": [
            "string"
        ],
        "tags": [
            {
                "id": 0,
                "name": "string"
            }
        ],
        "status": "available"
    },
    {
        "id": 9223372016900011755,
        "category": {
            "id": 0,
            "name": "string"
        },
        "name": "doggie",
        "photoUrls": [
            "string"
        ],
        "tags": [
            {
                "id": 0,
                "name": "string"
            }
        ],
        "status": "available"
    },
    {
        "id": 9223372016900011756,
        "category": {
            "id": 0,
            "name": "string"
        },
        "name": "doggie",
        "photoUrls": [
            "string"
        ],
        "tags": [
            {
                "id": 0,
                "name": "string"
            }
        ],
        "status": "available"
    },
    {
        "id": 9223372016900011773,
        "category": {
            "id": 0,
            "name": "string"
        },
        "name": "doggie",
        "photoUrls": [
            "string"
        ],
        "tags": [
            {
                "id": 0,
                "name": "string"
            }
        ],
        "status": "available"
    },
    {
        "id": 9223372016900011774,
        "category": {
            "id": 0,
            "name": "string"
        },
        "name": "doggie",
        "photoUrls": [
            "string"
        ],
        "tags": [
            {
                "id": 0,
                "name": "string"
            }
        ],
        "status": "available"
    },
    {
        "id": 9223372016900011789,
        "category": {
            "id": 0,
            "name": "string"
        },
        "name": "Anju",
        "photoUrls": [
            "string"
        ],
        "tags": [
            {
                "id": 0,
                "name": "string"
            }
        ],
        "status": "available"
    },
    {
        "id": 9223372036854247413,
        "category": {
            "id": 0,
            "name": "string"
        },
        "name": "doggie",
        "photoUrls": [
            "string"
        ],
        "tags": [
            {
                "id": 0,
                "name": "string"
            }
        ],
        "status": "available"
    },
    {
        "id": 9223372036854247415,
        "category": {
            "id": 0,
            "name": "string"
        },
        "name": "fish",
        "photoUrls": [
            "string"
        ],
        "tags": [
            {
                "id": 0,
                "name": "string"
            }
        ],
        "status": "available"
    },
    {
        "id": 9223372036854247416,
        "category": {
            "id": 0,
            "name": "string"
        },
        "name": "fish",
        "photoUrls": [
            "string"
        ],
        "tags": [
            {
                "id": 0,
                "name": "string"
            }
        ],
        "status": "available"
    },
    {
        "id": 9223372036854247417,
        "category": {
            "id": 0,
            "name": "string"
        },
        "name": "Anju",
        "photoUrls": [
            "string"
        ],
        "tags": [
            {
                "id": 0,
                "name": "string"
            }
        ],
        "status": "available"
    },
    {
        "id": 9223372036854247418,
        "category": {
            "id": 0,
            "name": "string"
        },
        "name": "fish",
        "photoUrls": [
            "string"
        ],
        "tags": [
            {
                "id": 0,
                "name": "string"
            }
        ],
        "status": "available"
    },
    {
        "id": 9223372036854247419,
        "category": {
            "id": 0,
            "name": "string"
        },
        "name": "fish",
        "photoUrls": [
            "string"
        ],
        "tags": [
            {
                "id": 0,
                "name": "string"
            }
        ],
        "status": "available"
    },
    {
        "id": 93346317795377595,
        "category": {
            "id": 2,
            "name": "dog"
        },
        "name": "Seba",
        "photoUrls": [
            
        ],
        "tags": [
            
        ],
        "status": "available"
    },
    {
        "id": 9223372036854247423,
[...]
        "category": {
            "id": 0,
            "name": "eedaae"
        },
        "name": "dfefcb",
        "photoUrls": [
            "dfbcfefd"
        ],
        "tags": [
            {
                "id": 0,
                "name": "dfaafc"
            }
        ],
        "status": "available"
    },
    {
        "id": 9223372036854247551,
        "category": {
            "id": 0,
            "name": "dacfff"
        },
        "name": "defdac",
        "photoUrls": [
            "becececb"
        ],
        "tags": [
            {
                "id": 0,
                "name": "dddedf"
            }
        ],
        "status": "available"
    },
    {
        "id": 9,
        "name": "Holly",
        "photoUrls": [
            
        ],
        "tags": [
            
        ],
        "status": "available"
    },
    {
        "id": 9223372036854247552,
        "category": {
            "id": 0,
            "name": "string"
        },
        "name": "doggie",
        "photoUrls": [
            "string"
        ],
        "tags": [
            {
                "id": 0,
                "name": "string"
            }
        ],
        "status": "available"
    },
    {
        "id": 9223372036854247553,
        "category": {
            "id": 0,
            "name": "string"
        },
        "name": "doggie",
        "photoUrls": [
            "string"
        ],
        "tags": [
            {
                "id": 0,
                "name": "string"
            }
        ],
        "status": "available"
    },
    {
        "id": 9223372036854247554,
        "category": {
            "id": 0,
            "name": "string"
        },
        "name": "fish",
        "photoUrls": [
            "string"
        ],
        "tags": [
            {
                "id": 0,
                "name": "string"
            }
        ],
        "status": "available"
    },
    {
        "id": 9223372036854247555,
        "category": {
            "id": 0,
            "name": "string"
        },
        "name": "doggie",
        "photoUrls": [
            "string"
        ],
        "tags": [
            {
                "id": 0,
                "name": "string"
            }
        ],
        "status": "available"
    },
    {
        "id": 9223372036854247556,
        "category": {
            "id": 0,
            "name": "string"
        },
        "name": "fish",
        "photoUrls": [
            "string"
        ],
        "tags": [
            {
                "id": 0,
                "name": "string"
            }
        ],
        "status": "available"
    },
    {
        "id": 9223372036854247557,
        "category": {
            "id": 0,
            "name": "russian"
        },
        "name": "pig",
        "photoUrls": [
            "string"
        ],
        "tags": [
            {
                "id": 0,
                "name": "string"
            }
        ],
        "status": "available"
    },
    {
        "id": 9223372036854247558,
        "category": {
            "id": 0,
            "name": "string"
        },
        "name": "Puff",
        "photoUrls": [
            "string"
        ],
        "tags": [
            {
                "id": 0,
                "name": "string"
            }
        ],
        "status": "available"
    },
    {
        "id": 9223372036854247559,
        "category": {
            "id": 0,
            "name": "sophia"
        },
        "name": "cat",
        "photoUrls": [
            "string"
        ],
        "tags": [
            {
                "id": 0,
                "name": "string"
            }
        ],
        "status": "available"
    },
    {
        "id": 9223372036854247560,
        "category": {
            "id": 0,
            "name": "string"
        },
        "name": "doggie",
        "photoUrls": [
            "string"
        ],
        "tags": [
            {
                "id": 0,
                "name": "string"
            }
        ],
        "status": "available"
    },
    {
        "id": 9223372036854247563,
        "category": {
            "id": 0,
            "name": "string"
        },
        "name": "doggie",
        "photoUrls": [
            "string"
        ],
        "tags": [
            {
                "id": 0,
                "name": "string"
            }
        ],
        "status": "available"
    },
    {
        "id": 420,
        "category": {
            "id": 42,
            "name": "Chihuahua"
        },
        "name": "PasBre",
        "photoUrls": [
            "string"
        ],
        "tags": [
            {
                "id": 0,
                "name": "string"
            }
        ],
        "status": "available"
    },
    {
        "id": 9223372036854247568,
        "category": {
            "id": 0,
            "name": "string"
        },
        "name": "fish",
        "photoUrls": [
            "string"
        ],
        "tags": [
            {
                "id": 0,
                "name": "string"
            }
        ],
        "status": "available"
    },
    {
        "id": 9223372036854247569,
        "category": {
            "id": 0,
            "name": "string"
        },
        "name": "doggie",
        "photoUrls": [
            "string"
        ],
        "tags": [
            {
                "id": 0,
                "name": "string"
            }
        ],
        "status": "available"
    },
    {
        "id": 9223372036854247570,
        "category": {
            "id": 0,
            "name": "string"
        },
        "name": "doggie",
        "photoUrls": [
            "string"
        ],
        "tags": [
            {
                "id": 0,
                "name": "string"
            }
        ],
        "status": "available"
    },
    {
        "id": 11712002,
        "category": {
            "id": 0,
            "name": "scotish"
        },
        "name": "uskup",
        "photoUrls": [
            "string"
        ],
        "tags": [
            {
                "id": 0,
                "name": "string"
            }
        ],
        "status": "available"
    },
    {
        "id": 9223372036854247582,
        "category": {
            "id": 0,
            "name": "string"
        },
        "name": "fish",
        "photoUrls": [
            "string"
        ],
        "tags": [
            {
                "id": 0,
                "name": "string"
            }
        ],
        "status": "available"
    },
    {
        "id": 9223372036854247592,
        "category": {
            "id": 0,
            "name": "sophia"
        },
        "name": "cat",
        "photoUrls": [
            "string"
        ],
        "tags": [
            {
                "id": 0,
                "name": "string"
            }
        ],
        "status": "available"
    },
    {
        "id": 9223372036854247593,
        "category": {
            "id": 0,
            "name": "Dog"
        },
        "name": "New Dog",
        "photoUrls": [
            "string"
        ],
        "tags": [
            {
                "id": 0,
                "name": "string"
            }
        ],
        "status": "available"
    },
    {
        "id": 9223372036854247594,
        "category": {
            "id": 29217671,
            "name": "Mikilandzelo"
        },
        "name": "Turtle",
        "photoUrls": [
            "ea dolor ipsum nisi",
            "Duis"
        ],
        "tags": [
            {
                "id": 98727158,
                "name": "la"
            },
            {
                "id": 17957877,
                "name": "Excepteur fugiat elit"
            }
        ],
        "status": "available"
    },
    {
        "id": 50949693,
        "category": {
            "id": 58710620,
            "name": "non reprehenderit consequat"
        },
        "name": "doggie",
        "photoUrls": [
            "fugiat consequat nulla",
            "commodo"
        ],
        "tags": [
            {
                "id": 27157729,
                "name": "in Excepteur"
            },
            {
                "id": 69186020,
                "name": "occaecat sit "
            }
        ],
        "status": "available"
    },
    {
        "id": 120,
        "category": {
            "id": 0,
            "name": "oleksii new"
        },
        "name": "doggie new",
        "photoUrls": [
            "string"
        ],
        "tags": [
            {
                "id": 0,
                "name": "string"
            }
        ],
        "status": "available"
    },
    {
        "id": 9223372036854247610,
        "category": {
            "id": 0,
            "name": "alexqa"
        },
        "name": "cat",
        "photoUrls": [
            "string"
        ],
        "tags": [
            {
                "id": 0,
                "name": "string"
            }
        ],
        "status": "available"
    },
    {
        "id": 9223372036854247627,
        "category": {
            "id": 0,
            "name": "string"
        },
        "name": "doggie",
        "photoUrls": [
            "string"
        ],
        "tags": [
            {
                "id": 0,
                "name": "string"
            }
        ],
        "status": "available"
    },
    {
        "id": 9223372036854247632,
        "category": {
            "id": 0,
            "name": "string"
        },
        "name": "fish",
        "photoUrls": [
            "string"
        ],
        "tags": [
            {
                "id": 0,
                "name": "string"
            }
        ],
        "status": "available"
    },
    {
        "id": 9223372036854247642,
        "category": {
            "id": 0,
            "name": "string"
        },
        "name": "fish",
        "photoUrls": [
            "string"
        ],
        "tags": [
            {
                "id": 0,
                "name": "string"
            }
        ],
        "status": "available"
    },
    {
        "id": 9223372036854247643,
        "category": {
            "id": 0,
            "name": "string"
        },
        "name": "fish",
        "photoUrls": [
            "string"
        ],
        "tags": [
            {
                "id": 0,
                "name": "string"
            }
        ],
        "status": "available"
    },
    {
        "id": 9223372036854247644,
        "category": {
            "id": 0,
            "name": "string"
        },
        "name": "doggie",
        "photoUrls": [
            "string"
        ],
        "tags": [
            {
                "id": 0,
                "name": "string"
            }
        ],
        "status": "available"
    },
    {
        "id": 9223372036854247645,
        "category": {
            "id": 0,
            "name": "string"
        },
        "name": "doggie",
        "photoUrls": [
            "string"
        ],
        "tags": [
            {
                "id": 0,
                "name": "string"
            }
        ],
        "status": "available"
    },
    {
        "id": 9223372036854247646,
        "category": {
            "id": 0,
            "name": "string"
        },
        "name": "Puff",
        "photoUrls": [
            "string"
        ],
        "tags": [
            {
                "id": 0,
                "name": "string"
            }
        ],
        "status": "available"
    },
    {
        "id": 9223372036854247647,
        "category": {
            "id": 1,
            "name": "string"
        },
        "name": "doggie",
        "photoUrls": [
            "string"
        ],
        "tags": [
            {
                "id": 2,
                "name": "string"
            }
        ],
        "status": "available"
    },
    {
        "id": 9223372036854247654,
        "category": {
            "id": 0,
            "name": "string"
        },
        "name": "doggie",
        "photoUrls": [
            "string"
        ],
        "tags": [
            {
                "id": 0,
                "name": "string"
            }
        ],
        "status": "available"
    },
    {
        "id": 9223372036854247655,
        "category": {
            "id": 0,
            "name": "string"
        },
        "name": "doggie",
        "photoUrls": [
            "string"
        ],
        "tags": [
            {
                "id": 0,
                "name": "string"
            }
        ],
        "status": "available"
    },
    {
        "id": 9223372036854247672,
        "category": {
            "id": 0,
            "name": "string"
        },
        "name": "fish",
        "photoUrls": [
            "string"
        ],
        "tags": [
            {
                "id": 0,
                "name": "string"
            }
        ],
        "status": "available"
    },
    {
        "id": 9223372036854247677,
        "category": {
            "id": 0,
            "name": "string"
        },
        "name": "fish",
        "photoUrls": [
            "string"
        ],
        "tags": [
            {
                "id": 0,
                "name": "string"
            }
        ],
        "status": "available"
    },
    {
        "id": 9223372036854247680,
        "category": {
            "id": 0,
            "name": "string"
        },
        "name": "fish",
        "photoUrls": [
            "string"
        ],
        "tags": [
            {
                "id": 0,
                "name": "string"
            }
        ],
        "status": "available"
    },
    {
        "id": 9223372036854247683,
        "category": {
            "id": 0,
            "name": "string"
        },
        "name": "fish",
        "photoUrls": [
            "string"
        ],
        "tags": [
            {
                "id": 0,
                "name": "string"
            }
        ],
        "status": "available"
    },
    {
        "id": 10,
        "category": {
            "id": 10,
            "name": "sample string"
        },
        "name": "doggie",
        "photoUrls": [
            "sample 1",
            "sample 2",
            "sample 3"
        ],
        "tags": [
            {
                "id": 10,
                "name": "sample string"
            },
            {
                "id": 10,
                "name": "sample string"
            }
        ],
        "status": "available"
    },
    {
        "id": 9223372036854247695,
        "category": {
            "id": 0,
            "name": "string"
        },
        "name": "doggie",
        "photoUrls": [
            "string"
        ],
        "tags": [
            {
                "id": 0,
                "name": "string"
            }
        ],
        "status": "available"
    },
    {
        "id": 9223372036854247704,
        "category": {
            "id": 0,
            "name": "Гусь"
        },
        "name": "Собака",
        "photoUrls": [
            "string"
        ],
        "tags": [
            {
                "id": 0,
                "name": "string"
            }
        ],
        "status": "available"
    },
    {
        "id": 1,
        "category": {
            "id": 1,
            "name": "string"
        },
        "name": "doggie",
        "photoUrls": [
            "string"
        ],
        "tags": [
            {
                "id": 1,
                "name": "string"
            }
        ],
        "status": "available"
    }
]
]]></system-out>
  </testcase>
  <testcase name="GetPetByID_Get_Request" classname="api.test.PetTests" time="1.377">
    <system-out><![CDATA[HTTP/1.1 200 OK
Date: Wed, 13 Sep 2023 06:09:52 GMT
Content-Type: application/json
Transfer-Encoding: chunked
Connection: keep-alive
Access-Control-Allow-Origin: *
Access-Control-Allow-Methods: GET, POST, DELETE, PUT
Access-Control-Allow-Headers: Content-Type, api_key, Authorization
Server: Jetty(9.2.9.v20150224)

{
    "id": 836665497,
    "category": {
        "id": 1897,
        "name": "Books & Home"
    },
    "name": "Dr. Genoveva Kunde",
    "photoUrls": [
        "www.sheba-leannon.org"
    ],
    "tags": [
        {
            "id": 1222,
            "name": "voluptatem"
        },
        {
            "id": 77,
            "name": "accusamus"
        },
        {
            "id": 65928,
            "name": "labore"
        }
    ],
    "status": "avaliable"
}
]]></system-out>
  </testcase>
  <testcase name="UpdatepetUsingData_Post_Request" classname="api.test.PetTests" time="1.53">
    <system-out><![CDATA[HTTP/1.1 200 OK
Date: Wed, 13 Sep 2023 06:09:54 GMT
Content-Type: application/json
Transfer-Encoding: chunked
Connection: keep-alive
Access-Control-Allow-Origin: *
Access-Control-Allow-Methods: GET, POST, DELETE, PUT
Access-Control-Allow-Headers: Content-Type, api_key, Authorization
Server: Jetty(9.2.9.v20150224)

{
    "code": 200,
    "type": "unknown",
    "message": "836665497"
}
]]></system-out>
  </testcase>
  <testcase name="DeletingThePet" classname="api.test.PetTests" time="1.331">
    <system-out><![CDATA[HTTP/1.1 200 OK
Date: Wed, 13 Sep 2023 06:09:55 GMT
Content-Type: application/json
Transfer-Encoding: chunked
Connection: keep-alive
Access-Control-Allow-Origin: *
Access-Control-Allow-Methods: GET, POST, DELETE, PUT
Access-Control-Allow-Headers: Content-Type, api_key, Authorization
Server: Jetty(9.2.9.v20150224)

{
    "code": 200,
    "type": "unknown",
    "message": "836665497"
}
]]></system-out>
  </testcase>
  <testcase name="PlaceAnOrderForThePetUsing_Post_Request" classname="api.test.StoreTests" time="1.686">
    <system-out><![CDATA[HTTP/1.1 200 OK
Date: Wed, 13 Sep 2023 06:09:57 GMT
Content-Type: application/json
Transfer-Encoding: chunked
Connection: keep-alive
Access-Control-Allow-Origin: *
Access-Control-Allow-Methods: GET, POST, DELETE, PUT
Access-Control-Allow-Headers: Content-Type, api_key, Authorization
Server: Jetty(9.2.9.v20150224)

{
    "id": 365805847,
    "petId": 5195868,
    "quantity": 2,
    "shipDate": "2023-09-09T11:57:24.436+0000",
    "status": "shipped",
    "complete": false
}
]]></system-out>
  </testcase>
  <testcase name="FindPurchaseOrderById_Get_Request" classname="api.test.StoreTests" time="1.497">
    <system-out><![CDATA[HTTP/1.1 200 OK
Date: Wed, 13 Sep 2023 06:09:58 GMT
Content-Type: application/json
Transfer-Encoding: chunked
Connection: keep-alive
Access-Control-Allow-Origin: *
Access-Control-Allow-Methods: GET, POST, DELETE, PUT
Access-Control-Allow-Headers: Content-Type, api_key, Authorization
Server: Jetty(9.2.9.v20150224)

{
    "id": 365805847,
    "petId": 5195868,
    "quantity": 2,
    "shipDate": "2023-09-09T11:57:24.436+0000",
    "status": "shipped",
    "complete": false
}
]]></system-out>
  </testcase>
  <testcase name="DeleteOrder" classname="api.test.StoreTests" time="1.529">
    <system-out><![CDATA[HTTP/1.1 200 OK
Date: Wed, 13 Sep 2023 06:10:00 GMT
Content-Type: application/json
Transfer-Encoding: chunked
Connection: keep-alive
Access-Control-Allow-Origin: *
Access-Control-Allow-Methods: GET, POST, DELETE, PUT
Access-Control-Allow-Headers: Content-Type, api_key, Authorization
Server: Jetty(9.2.9.v20150224)

{
    "code": 200,
    "type": "unknown",
    "message": "365805847"
}
]]></system-out>
  </testcase>
  <testcase name="givesPetInventoriesUing_Get_Request" classname="api.test.StoreTests" time="1.548">
    <system-out><![CDATA[HTTP/1.1 200 OK
Date: Wed, 13 Sep 2023 06:10:02 GMT
Content-Type: application/json
Transfer-Encoding: chunked
Connection: keep-alive
Access-Control-Allow-Origin: *
Access-Control-Allow-Methods: GET, POST, DELETE, PUT
Access-Control-Allow-Headers: Content-Type, api_key, Authorization
Server: Jetty(9.2.9.v20150224)

{
    "sold": 14,
    "in ut incididun": 1,
    "booked": 1,
    "string": 690,
    "unavailable": 1,
    "pending": 6,
    "available": 272,
    "not available": 1,
    "Not Available": 1
}
]]></system-out>
  </testcase>
</testsuite>