<?xml version="1.0" encoding="UTF-8"?>
<!-- Generated by org.testng.reporters.JUnitXMLReporter -->
<testsuite ignored="0" hostname="LAPTOP-POTAI8HB" failures="0" tests="4" name="PetStoreStoreModule" time="6.262" errors="0" timestamp="2023-09-13T11:40:02 IST">
  <testcase classname="api.test.StoreTests" name="PlaceAnOrderForThePetUsing_Post_Request" time="1.682"/>
  <testcase classname="api.test.StoreTests" name="FindPurchaseOrderById_Get_Request" time="1.496"/>
  <testcase classname="api.test.StoreTests" name="DeleteOrder" time="1.532"/>
  <testcase classname="api.test.StoreTests" name="givesPetInventoriesUing_Get_Request" time="1.545"/>
</testsuite> <!-- PetStoreStoreModule -->
