<?xml version="1.0" encoding="UTF-8"?>
<!-- Generated by org.testng.reporters.JUnitXMLReporter -->
<testsuite ignored="0" hostname="LAPTOP-POTAI8HB" failures="0" tests="4" name="PetStoreUserModule" time="9.583" errors="0" timestamp="2023-09-13T11:39:43 IST">
  <testcase classname="api.test.Usertests" name="testPostUser" time="4.054"/>
  <testcase classname="api.test.Usertests" name="testgetUserByUserName" time="1.27"/>
  <testcase classname="api.test.Usertests" name="testUpdateUserByUsername" time="2.496"/>
  <testcase classname="api.test.Usertests" name="testDeleteUserByUername" time="1.208"/>
</testsuite> <!-- PetStoreUserModule -->
