<?xml version="1.0" encoding="UTF-8"?>
<!-- Generated by org.testng.reporters.JUnitXMLReporter -->
<testsuite ignored="0" hostname="LAPTOP-POTAI8HB" failures="0" tests="7" name="PetStorePetModule" time="11.88" errors="0" timestamp="2023-09-13T11:39:55 IST">
  <testcase classname="api.test.PetTests" name="UploadPetImageUsing_Post_Request" time="2.136"/>
  <testcase classname="api.test.PetTests" name="AddNewPetToStoreUsing_Post_Request" time="1.358"/>
  <testcase classname="api.test.PetTests" name="UpdateTheExistingPetUsing_Put_Request" time="1.638"/>
  <testcase classname="api.test.PetTests" name="GetPetDetailsUsingStatus_GET_Request" time="2.225"/>
  <testcase classname="api.test.PetTests" name="GetPetByID_Get_Request" time="1.564"/>
  <testcase classname="api.test.PetTests" name="UpdatepetUsingData_Post_Request" time="1.528"/>
  <testcase classname="api.test.PetTests" name="DeletingThePet" time="1.328"/>
</testsuite> <!-- PetStorePetModule -->
