<?xml version="1.0" encoding="UTF-8"?>
<!-- Generated by org.testng.reporters.JUnitXMLReporter -->
<testsuite ignored="0" hostname="LAPTOP-POTAI8HB" failures="0" tests="4" name="PetTests" time="12.344" errors="0" timestamp="2023-09-03T21:13:03 IST">
  <testcase classname="api.test.Usertests" name="testPostUser" time="3.463"/>
  <testcase classname="api.test.Usertests" name="testgetUserByUserName" time="2.257"/>
  <testcase classname="api.test.Usertests" name="testUpdateUserByUsername" time="4.529"/>
  <testcase classname="api.test.Usertests" name="testDeleteUserByUername" time="1.599"/>
</testsuite> <!-- PetTests -->
